<?xml version="1.0" encoding="UTF-8"?>
<!-- Generated by org.testng.reporters.JUnitXMLReporter -->
<testsuite ignored="0" hostname="DESKTOP-7H03NUQ" failures="0" tests="4" name="Test-2" time="128.392" errors="0" timestamp="2024-09-26T15:11:53 IST">
  <testcase classname="orgtestngimplementation.CreateOrganizationTest" name="createOrgTest" time="19.843"/>
  <testcase classname="orgtestngimplementation.CreateOrganizationTest" name="createOrgWithIndustries" time="20.514"/>
  <testcase classname="orgtestngimplementation.CreateOrganizationTest" name="createOrgWithPhoneNumber" time="18.346"/>
  <testcase classname="orgtestngimplementation.CreateOrganizationTest" name="deleteOrg" time="25.22"/>
</testsuite> <!-- Test-2 -->
