<?xml version="1.0" encoding="UTF-8"?>
<!-- Generated by org.testng.reporters.JUnitXMLReporter -->
<testsuite ignored="0" hostname="DESKTOP-7H03NUQ" failures="0" tests="3" name="Test-1" time="114.106" errors="0" timestamp="2024-09-26T15:11:39 IST">
  <testcase classname="contact.testngimplementation.CreateContactTest" name="CreateContactWithSupportDateTest" time="20.06"/>
  <testcase classname="contact.testngimplementation.CreateContactTest" name="createContactTest" time="17.236"/>
  <testcase classname="contact.testngimplementation.CreateContactTest" name="createContactWithOrgTest" time="38.044"/>
</testsuite> <!-- Test-1 -->
