<?xml version="1.0" encoding="UTF-8"?>
<!-- Generated by org.testng.reporters.JUnitReportReporter -->
<testsuite hostname="DESKTOP-7H03NUQ" failures="0" tests="1" name="com.comcast.crm.orgtest.testngimplementation.CreateOrganizationWithIndustriesTest" time="29.702" errors="0" timestamp="2024-09-21T15:54:43 IST" skipped="0">
  <testcase classname="com.comcast.crm.orgtest.testngimplementation.CreateOrganizationWithIndustriesTest" name="createOrgWithIndustries" time="29.702"/>
</testsuite> <!-- com.comcast.crm.orgtest.testngimplementation.CreateOrganizationWithIndustriesTest -->
