<?xml version="1.0" encoding="UTF-8"?>
<!-- Generated by org.testng.reporters.JUnitReportReporter -->
<testsuite hostname="DESKTOP-7H03NUQ" failures="0" tests="4" name="practice.test.GetProductInfoTest" time="40.214" errors="0" timestamp="2024-09-19T17:48:14 IST" skipped="0">
  <testcase classname="practice.test.GetProductInfoTest" name="getProductInfoTest" time="9.525"/>
  <testcase classname="practice.test.GetProductInfoTest" name="getProductInfoTest" time="7.374"/>
  <testcase classname="practice.test.GetProductInfoTest" name="getProductInfoTest" time="14.587"/>
  <testcase classname="practice.test.GetProductInfoTest" name="getProductInfoTest" time="8.728"/>
</testsuite> <!-- practice.test.GetProductInfoTest -->
