<?xml version="1.0" encoding="UTF-8"?>
<!-- Generated by org.testng.reporters.JUnitReportReporter -->
<testsuite hostname="DESKTOP-7H03NUQ" failures="0" tests="4" name="com.comcast.crm.orgtest.testngimplementation.CreateOrganizationTest" time="114.337" errors="0" timestamp="2024-09-21T15:54:43 IST" skipped="0">
  <testcase classname="com.comcast.crm.orgtest.testngimplementation.CreateOrganizationTest" name="createOrgWithIndustries" time="29.922"/>
  <testcase classname="com.comcast.crm.orgtest.testngimplementation.CreateOrganizationTest" name="createOrgWithPhoneNumber" time="25.676"/>
  <testcase classname="com.comcast.crm.orgtest.testngimplementation.CreateOrganizationTest" name="deleteOrg" time="34.138"/>
  <testcase classname="com.comcast.crm.orgtest.testngimplementation.CreateOrganizationTest" name="createOrgTest" time="24.601"/>
</testsuite> <!-- com.comcast.crm.orgtest.testngimplementation.CreateOrganizationTest -->
