<?xml version="1.0" encoding="UTF-8"?>
<!-- Generated by org.testng.reporters.JUnitReportReporter -->
<testsuite hostname="DESKTOP-7H03NUQ" failures="0" tests="1" name="com.comcast.crm.orgtest.testngimplementation.DeleteOrg" time="35.841" errors="0" timestamp="2024-09-21T15:54:43 IST" skipped="0">
  <testcase classname="com.comcast.crm.orgtest.testngimplementation.DeleteOrg" name="deleteOrg" time="35.841"/>
</testsuite> <!-- com.comcast.crm.orgtest.testngimplementation.DeleteOrg -->
