<?xml version="1.0" encoding="UTF-8"?>
<!-- Generated by org.testng.reporters.JUnitReportReporter -->
<testsuite hostname="DESKTOP-7H03NUQ" failures="0" tests="3" name="contact.testngimplementation.CreateContactTest" time="109.871" errors="0" timestamp="2024-09-26T15:11:54 IST" skipped="0">
  <testcase classname="contact.testngimplementation.CreateContactTest" name="CreateContactWithSupportDateTest" time="32.612"/>
  <testcase classname="contact.testngimplementation.CreateContactTest" name="createContactTest" time="25.452"/>
  <testcase classname="contact.testngimplementation.CreateContactTest" name="createContactWithOrgTest" time="51.807"/>
</testsuite> <!-- contact.testngimplementation.CreateContactTest -->
